[2023-12-24 16:29:48:018]Log Path:D:\3.project\3.JRware\output\logFile.log
[2023-12-24 16:29:48:018][JRdataSys::init]begin
[2023-12-24 16:29:48:018][JRdataSys::init]dataSysPath:D:\3.project\3.JRware\output\dataSys.txt
[2023-12-24 16:29:48:018][JRdataSys::init]CurrLineNo:0
[2023-12-24 16:29:48:018][JRdataSys::init]end
[2023-12-24 16:29:49:030]heart beat!
[2023-12-24 16:29:50:036]heart beat!
[2023-12-24 16:29:51:047]heart beat!
[2023-12-24 16:29:52:055]heart beat!
[2023-12-24 16:29:53:065]heart beat!
[2023-12-24 16:29:54:070]heart beat!
[2023-12-24 16:29:55:074]heart beat!
[2023-12-24 16:29:56:078]heart beat!
[2023-12-24 16:29:57:088]heart beat!
[2023-12-24 16:29:58:092]heart beat!
[2023-12-24 16:29:59:106]heart beat!
[2023-12-24 16:30:00:111]heart beat!
[2023-12-24 16:30:01:118]heart beat!
[2023-12-24 16:30:02:125]heart beat!
[2023-12-24 16:30:03:138]heart beat!
[2023-12-24 16:30:04:145]heart beat!
[2023-12-24 16:30:05:151]heart beat!
[2023-12-24 16:30:06:162]heart beat!
[2023-12-24 16:30:07:176]heart beat!
[2023-12-24 16:30:08:188]heart beat!
[2023-12-24 16:30:09:202]heart beat!
[2023-12-24 16:30:10:202]heart beat!
[2023-12-24 16:30:11:215]heart beat!
[2023-12-24 16:30:12:223]heart beat!
[2023-12-24 16:30:13:235]heart beat!
[2023-12-24 16:30:14:238]heart beat!
